#! /usr/local/iverilog/bin/vvp
:ivl_version "11.0 (devel)" "(s20150603-642-g3bdb50da)";
:ivl_delay_selection "TYPICAL";
:vpi_time_precision - 9;
:vpi_module "system";
:vpi_module "vhdl_sys";
:vpi_module "vhdl_textio";
:vpi_module "v2005_math";
:vpi_module "va_math";
S_0000000000842be0 .scope module, "test_tb" "test_tb" 2 3;
 .timescale -9 -9;
v00000000011a87d0_0 .var "ack", 0 0;
v0000000000842d70_0 .var "req", 0 0;
E_0000000000874b20 .event posedge, v00000000011a87d0_0;
E_0000000000874ca0 .event posedge, v0000000000842d70_0;
    .scope S_0000000000842be0;
T_0 ;
    %wait E_0000000000874ca0;
    %pushi/vec4 1, 0, 1;
    %assign/vec4 v00000000011a87d0_0, 0;
    %jmp T_0;
    .thread T_0;
    .scope S_0000000000842be0;
T_1 ;
    %wait E_0000000000874b20;
    %delay 20, 0;
    %pushi/vec4 0, 0, 1;
    %assign/vec4 v00000000011a87d0_0, 0;
    %jmp T_1;
    .thread T_1;
    .scope S_0000000000842be0;
T_2 ;
    %vpi_call 2 17 "$dumpfile", "test_tb.vcd" {0 0 0};
    %vpi_call 2 18 "$dumpvars", 32'sb00000000000000000000000000000000, S_0000000000842be0 {0 0 0};
    %pushi/vec4 0, 0, 1;
    %store/vec4 v0000000000842d70_0, 0, 1;
    %delay 10, 0;
    %pushi/vec4 1, 0, 1;
    %store/vec4 v0000000000842d70_0, 0, 1;
    %delay 10, 0;
    %pushi/vec4 0, 0, 1;
    %store/vec4 v0000000000842d70_0, 0, 1;
    %delay 50, 0;
    %vpi_call 2 26 "$finish" {0 0 0};
    %end;
    .thread T_2;
# The file index is used to find the file name in the following table.
:file_names 3;
    "N/A";
    "<interactive>";
    "test_tb.v";
